{"/home/dev/workshop/projects/personal/astroid-invaders/game/client/src/routes.ts": {"path":"/home/dev/workshop/projects/personal/astroid-invaders/game/client/src/routes.ts","statementMap":{"0":{"start":{"line":2,"column":0},"end":{"line":2,"column":32}},"1":{"start":{"line":3,"column":0},"end":{"line":3,"column":34}},"2":{"start":{"line":4,"column":0},"end":{"line":4,"column":52}},"3":{"start":{"line":5,"column":0},"end":{"line":5,"column":32}},"4":{"start":{"line":6,"column":0},"end":{"line":6,"column":46}},"5":{"start":{"line":7,"column":0},"end":{"line":7,"column":40}},"6":{"start":{"line":16,"column":18},"end":{"line":16,"column":37}},"7":{"start":{"line":18,"column":13},"end":{"line":55,"column":null}}},"fnMap":{},"branchMap":{},"s":{"0":2,"1":2,"2":2,"3":2,"4":2,"5":2,"6":2,"7":2},"f":{},"b":{}}
,"/home/dev/workshop/projects/personal/astroid-invaders/game/client/src/pages/game.tsx": {"path":"/home/dev/workshop/projects/personal/astroid-invaders/game/client/src/pages/game.tsx","statementMap":{"0":{"start":{"line":3,"column":23},"end":{"line":9,"column":1}},"1":{"start":{"line":4,"column":4},"end":{"line":8,"column":null}},"2":{"start":{"line":11,"column":0},"end":{"line":11,"column":20}}},"fnMap":{"0":{"name":"(anonymous_0)","decl":{"start":{"line":3,"column":23},"end":{"line":3,"column":26}},"loc":{"start":{"line":3,"column":28},"end":{"line":9,"column":1}}}},"branchMap":{},"s":{"0":2,"1":0,"2":2},"f":{"0":0},"b":{}}
,"/home/dev/workshop/projects/personal/astroid-invaders/game/client/src/pages/home.tsx": {"path":"/home/dev/workshop/projects/personal/astroid-invaders/game/client/src/pages/home.tsx","statementMap":{"0":{"start":{"line":3,"column":23},"end":{"line":9,"column":1}},"1":{"start":{"line":4,"column":4},"end":{"line":8,"column":null}},"2":{"start":{"line":11,"column":0},"end":{"line":11,"column":20}}},"fnMap":{"0":{"name":"(anonymous_0)","decl":{"start":{"line":3,"column":23},"end":{"line":3,"column":26}},"loc":{"start":{"line":3,"column":28},"end":{"line":9,"column":1}}}},"branchMap":{},"s":{"0":2,"1":0,"2":2},"f":{"0":0},"b":{}}
,"/home/dev/workshop/projects/personal/astroid-invaders/game/client/src/pages/leaderboard.tsx": {"path":"/home/dev/workshop/projects/personal/astroid-invaders/game/client/src/pages/leaderboard.tsx","statementMap":{"0":{"start":{"line":3,"column":30},"end":{"line":9,"column":1}},"1":{"start":{"line":4,"column":4},"end":{"line":8,"column":null}},"2":{"start":{"line":11,"column":0},"end":{"line":11,"column":27}}},"fnMap":{"0":{"name":"(anonymous_0)","decl":{"start":{"line":3,"column":30},"end":{"line":3,"column":33}},"loc":{"start":{"line":3,"column":35},"end":{"line":9,"column":1}}}},"branchMap":{},"s":{"0":2,"1":0,"2":2},"f":{"0":0},"b":{}}
,"/home/dev/workshop/projects/personal/astroid-invaders/game/client/src/pages/lobby.tsx": {"path":"/home/dev/workshop/projects/personal/astroid-invaders/game/client/src/pages/lobby.tsx","statementMap":{"0":{"start":{"line":3,"column":24},"end":{"line":9,"column":1}},"1":{"start":{"line":4,"column":4},"end":{"line":8,"column":null}},"2":{"start":{"line":11,"column":0},"end":{"line":11,"column":21}}},"fnMap":{"0":{"name":"(anonymous_0)","decl":{"start":{"line":3,"column":24},"end":{"line":3,"column":27}},"loc":{"start":{"line":3,"column":29},"end":{"line":9,"column":1}}}},"branchMap":{},"s":{"0":2,"1":0,"2":2},"f":{"0":0},"b":{}}
,"/home/dev/workshop/projects/personal/astroid-invaders/game/client/src/pages/notFound.tsx": {"path":"/home/dev/workshop/projects/personal/astroid-invaders/game/client/src/pages/notFound.tsx","statementMap":{"0":{"start":{"line":3,"column":27},"end":{"line":9,"column":1}},"1":{"start":{"line":4,"column":4},"end":{"line":8,"column":null}},"2":{"start":{"line":11,"column":0},"end":{"line":11,"column":24}}},"fnMap":{"0":{"name":"(anonymous_0)","decl":{"start":{"line":3,"column":27},"end":{"line":3,"column":30}},"loc":{"start":{"line":3,"column":32},"end":{"line":9,"column":1}}}},"branchMap":{},"s":{"0":2,"1":0,"2":2},"f":{"0":0},"b":{}}
,"/home/dev/workshop/projects/personal/astroid-invaders/game/client/src/pages/pilotSelection.tsx": {"path":"/home/dev/workshop/projects/personal/astroid-invaders/game/client/src/pages/pilotSelection.tsx","statementMap":{"0":{"start":{"line":3,"column":33},"end":{"line":9,"column":1}},"1":{"start":{"line":4,"column":4},"end":{"line":8,"column":null}},"2":{"start":{"line":11,"column":0},"end":{"line":11,"column":30}}},"fnMap":{"0":{"name":"(anonymous_0)","decl":{"start":{"line":3,"column":33},"end":{"line":3,"column":36}},"loc":{"start":{"line":3,"column":38},"end":{"line":9,"column":1}}}},"branchMap":{},"s":{"0":2,"1":0,"2":2},"f":{"0":0},"b":{}}
,"/home/dev/workshop/projects/personal/astroid-invaders/game/src/index.ts": {"path":"/home/dev/workshop/projects/personal/astroid-invaders/game/src/index.ts","statementMap":{"0":{"start":{"line":1,"column":0},"end":{"line":1,"column":31}},"1":{"start":{"line":2,"column":0},"end":{"line":2,"column":26}},"2":{"start":{"line":3,"column":0},"end":{"line":3,"column":23}},"3":{"start":{"line":4,"column":0},"end":{"line":4,"column":24}},"4":{"start":{"line":5,"column":0},"end":{"line":5,"column":24}},"5":{"start":{"line":6,"column":0},"end":{"line":6,"column":47}},"6":{"start":{"line":7,"column":0},"end":{"line":7,"column":41}},"7":{"start":{"line":8,"column":0},"end":{"line":8,"column":35}},"8":{"start":{"line":10,"column":0},"end":{"line":10,"column":48}},"9":{"start":{"line":11,"column":0},"end":{"line":11,"column":63}},"10":{"start":{"line":12,"column":0},"end":{"line":12,"column":57}},"11":{"start":{"line":13,"column":0},"end":{"line":13,"column":53}},"12":{"start":{"line":20,"column":29},"end":{"line":36,"column":1}},"13":{"start":{"line":21,"column":16},"end":{"line":21,"column":25}},"14":{"start":{"line":22,"column":19},"end":{"line":22,"column":36}},"15":{"start":{"line":23,"column":15},"end":{"line":23,"column":33}},"16":{"start":{"line":24,"column":17},"end":{"line":24,"column":33}},"17":{"start":{"line":25,"column":4},"end":{"line":25,"column":20}},"18":{"start":{"line":26,"column":4},"end":{"line":26,"column":28}},"19":{"start":{"line":27,"column":4},"end":{"line":27,"column":52}},"20":{"start":{"line":28,"column":4},"end":{"line":28,"column":38}},"21":{"start":{"line":29,"column":4},"end":{"line":29,"column":59}},"22":{"start":{"line":30,"column":4},"end":{"line":30,"column":26}},"23":{"start":{"line":31,"column":4},"end":{"line":31,"column":31}},"24":{"start":{"line":32,"column":4},"end":{"line":34,"column":5}},"25":{"start":{"line":33,"column":8},"end":{"line":33,"column":94}},"26":{"start":{"line":33,"column":34},"end":{"line":33,"column":92}},"27":{"start":{"line":35,"column":4},"end":{"line":35,"column":15}},"28":{"start":{"line":38,"column":29},"end":{"line":48,"column":null}},"29":{"start":{"line":38,"column":80},"end":{"line":48,"column":null}},"30":{"start":{"line":39,"column":4},"end":{"line":47,"column":5}},"31":{"start":{"line":40,"column":40},"end":{"line":40,"column":63}},"32":{"start":{"line":41,"column":25},"end":{"line":41,"column":51}},"33":{"start":{"line":42,"column":8},"end":{"line":42,"column":43}},"34":{"start":{"line":42,"column":22},"end":{"line":42,"column":43}},"35":{"start":{"line":43,"column":8},"end":{"line":43,"column":44}},"36":{"start":{"line":44,"column":8},"end":{"line":44,"column":22}},"37":{"start":{"line":46,"column":8},"end":{"line":46,"column":64}},"38":{"start":{"line":38,"column":13},"end":{"line":38,"column":29}},"39":{"start":{"line":50,"column":0},"end":{"line":50,"column":16}}},"fnMap":{"0":{"name":"(anonymous_8)","decl":{"start":{"line":20,"column":29},"end":{"line":20,"column":32}},"loc":{"start":{"line":20,"column":34},"end":{"line":36,"column":1}}},"1":{"name":"(anonymous_9)","decl":{"start":{"line":33,"column":28},"end":{"line":33,"column":31}},"loc":{"start":{"line":33,"column":34},"end":{"line":33,"column":92}}},"2":{"name":"(anonymous_10)","decl":{"start":{"line":38,"column":29},"end":{"line":38,"column":78}},"loc":{"start":{"line":38,"column":80},"end":{"line":48,"column":null}}},"3":{"name":"(anonymous_11)","decl":{"start":{"line":38,"column":80},"end":{"line":38,"column":null}},"loc":{"start":{"line":38,"column":80},"end":{"line":48,"column":1}}}},"branchMap":{"0":{"loc":{"start":{"line":32,"column":4},"end":{"line":34,"column":5}},"type":"if","locations":[{"start":{"line":32,"column":4},"end":{"line":34,"column":5}}]},"1":{"loc":{"start":{"line":42,"column":8},"end":{"line":42,"column":43}},"type":"if","locations":[{"start":{"line":42,"column":8},"end":{"line":42,"column":43}}]}},"s":{"0":2,"1":2,"2":2,"3":2,"4":2,"5":2,"6":2,"7":2,"8":2,"9":2,"10":2,"11":2,"12":2,"13":3,"14":3,"15":3,"16":3,"17":3,"18":3,"19":3,"20":3,"21":3,"22":3,"23":3,"24":3,"25":0,"26":0,"27":3,"28":2,"29":4,"30":4,"31":4,"32":4,"33":3,"34":3,"35":3,"36":3,"37":0,"38":2,"39":2},"f":{"0":3,"1":0,"2":4,"3":4},"b":{"0":[0],"1":[3]}}
,"/home/dev/workshop/projects/personal/astroid-invaders/game/src/database/index.ts": {"path":"/home/dev/workshop/projects/personal/astroid-invaders/game/src/database/index.ts","statementMap":{"0":{"start":{"line":1,"column":0},"end":{"line":1,"column":37}},"1":{"start":{"line":3,"column":13},"end":{"line":11,"column":3}},"2":{"start":{"line":13,"column":34},"end":{"line":21,"column":null}},"3":{"start":{"line":13,"column":78},"end":{"line":21,"column":null}},"4":{"start":{"line":14,"column":4},"end":{"line":20,"column":5}},"5":{"start":{"line":15,"column":8},"end":{"line":15,"column":48}},"6":{"start":{"line":16,"column":8},"end":{"line":16,"column":36}},"7":{"start":{"line":17,"column":8},"end":{"line":17,"column":24}},"8":{"start":{"line":19,"column":8},"end":{"line":19,"column":61}},"9":{"start":{"line":13,"column":13},"end":{"line":13,"column":34}}},"fnMap":{"0":{"name":"(anonymous_7)","decl":{"start":{"line":13,"column":34},"end":{"line":13,"column":76}},"loc":{"start":{"line":13,"column":78},"end":{"line":21,"column":null}}},"1":{"name":"(anonymous_8)","decl":{"start":{"line":13,"column":78},"end":{"line":13,"column":null}},"loc":{"start":{"line":13,"column":78},"end":{"line":21,"column":1}}}},"branchMap":{},"s":{"0":2,"1":2,"2":2,"3":4,"4":4,"5":4,"6":4,"7":3,"8":0,"9":2},"f":{"0":4,"1":4},"b":{}}
,"/home/dev/workshop/projects/personal/astroid-invaders/game/src/middleware/client.ts": {"path":"/home/dev/workshop/projects/personal/astroid-invaders/game/src/middleware/client.ts","statementMap":{"0":{"start":{"line":1,"column":0},"end":{"line":1,"column":20}},"1":{"start":{"line":2,"column":0},"end":{"line":2,"column":24}},"2":{"start":{"line":4,"column":0},"end":{"line":4,"column":48}},"3":{"start":{"line":5,"column":0},"end":{"line":5,"column":53}},"4":{"start":{"line":7,"column":40},"end":{"line":41,"column":1}},"5":{"start":{"line":12,"column":4},"end":{"line":40,"column":5}},"6":{"start":{"line":13,"column":8},"end":{"line":13,"column":15}},"7":{"start":{"line":15,"column":8},"end":{"line":39,"column":9}},"8":{"start":{"line":16,"column":29},"end":{"line":16,"column":75}},"9":{"start":{"line":17,"column":32},"end":{"line":17,"column":65}},"10":{"start":{"line":18,"column":24},"end":{"line":18,"column":44}},"11":{"start":{"line":19,"column":30},"end":{"line":19,"column":74}},"12":{"start":{"line":20,"column":25},"end":{"line":20,"column":75}},"13":{"start":{"line":20,"column":52},"end":{"line":20,"column":74}},"14":{"start":{"line":22,"column":12},"end":{"line":25,"column":13}},"15":{"start":{"line":23,"column":16},"end":{"line":23,"column":35}},"16":{"start":{"line":24,"column":16},"end":{"line":24,"column":47}},"17":{"start":{"line":27,"column":12},"end":{"line":27,"column":72}},"18":{"start":{"line":28,"column":12},"end":{"line":28,"column":84}},"19":{"start":{"line":30,"column":12},"end":{"line":30,"column":88}},"20":{"start":{"line":31,"column":12},"end":{"line":31,"column":40}},"21":{"start":{"line":32,"column":12},"end":{"line":32,"column":45}},"22":{"start":{"line":33,"column":12},"end":{"line":33,"column":43}},"23":{"start":{"line":35,"column":12},"end":{"line":37,"column":13}},"24":{"start":{"line":36,"column":16},"end":{"line":36,"column":69}},"25":{"start":{"line":38,"column":12},"end":{"line":38,"column":29}},"26":{"start":{"line":7,"column":13},"end":{"line":7,"column":40}}},"fnMap":{"0":{"name":"(anonymous_1)","decl":{"start":{"line":7,"column":40},"end":{"line":7,"column":null}},"loc":{"start":{"line":11,"column":4},"end":{"line":41,"column":1}}},"1":{"name":"(anonymous_2)","decl":{"start":{"line":20,"column":41},"end":{"line":20,"column":42}},"loc":{"start":{"line":20,"column":52},"end":{"line":20,"column":74}}}},"branchMap":{"0":{"loc":{"start":{"line":12,"column":4},"end":{"line":40,"column":5}},"type":"if","locations":[{"start":{"line":12,"column":4},"end":{"line":40,"column":5}},{"start":{"line":14,"column":11},"end":{"line":40,"column":5}}]},"1":{"loc":{"start":{"line":22,"column":12},"end":{"line":25,"column":13}},"type":"if","locations":[{"start":{"line":22,"column":12},"end":{"line":25,"column":13}}]},"2":{"loc":{"start":{"line":35,"column":12},"end":{"line":37,"column":13}},"type":"if","locations":[{"start":{"line":35,"column":12},"end":{"line":37,"column":13}}]},"3":{"loc":{"start":{"line":35,"column":16},"end":{"line":35,"column":49}},"type":"binary-expr","locations":[{"start":{"line":35,"column":16},"end":{"line":35,"column":24}},{"start":{"line":35,"column":28},"end":{"line":35,"column":49}}]}},"s":{"0":2,"1":2,"2":2,"3":2,"4":2,"5":0,"6":0,"7":0,"8":0,"9":0,"10":0,"11":0,"12":0,"13":0,"14":0,"15":0,"16":0,"17":0,"18":0,"19":0,"20":0,"21":0,"22":0,"23":0,"24":0,"25":0,"26":2},"f":{"0":0,"1":0},"b":{"0":[0,0],"1":[0],"2":[0],"3":[0,0]}}
,"/home/dev/workshop/projects/personal/astroid-invaders/game/src/middleware/errorHandler.ts": {"path":"/home/dev/workshop/projects/personal/astroid-invaders/game/src/middleware/errorHandler.ts","statementMap":{"0":{"start":{"line":2,"column":0},"end":{"line":2,"column":46}},"1":{"start":{"line":4,"column":24},"end":{"line":9,"column":2}},"2":{"start":{"line":4,"column":39},"end":{"line":9,"column":2}},"3":{"start":{"line":11,"column":49},"end":{"line":16,"column":1}},"4":{"start":{"line":12,"column":4},"end":{"line":12,"column":23}},"5":{"start":{"line":13,"column":26},"end":{"line":13,"column":52}},"6":{"start":{"line":14,"column":24},"end":{"line":14,"column":97}},"7":{"start":{"line":15,"column":4},"end":{"line":15,"column":68}},"8":{"start":{"line":11,"column":13},"end":{"line":11,"column":49}}},"fnMap":{"0":{"name":"(anonymous_0)","decl":{"start":{"line":4,"column":24},"end":{"line":4,"column":25}},"loc":{"start":{"line":4,"column":39},"end":{"line":9,"column":2}}},"1":{"name":"(anonymous_1)","decl":{"start":{"line":11,"column":49},"end":{"line":11,"column":50}},"loc":{"start":{"line":11,"column":75},"end":{"line":16,"column":1}}}},"branchMap":{"0":{"loc":{"start":{"line":5,"column":13},"end":{"line":5,"column":51}},"type":"binary-expr","locations":[{"start":{"line":5,"column":13},"end":{"line":5,"column":24}},{"start":{"line":5,"column":28},"end":{"line":5,"column":51}}]},"1":{"loc":{"start":{"line":6,"column":10},"end":{"line":6,"column":38}},"type":"binary-expr","locations":[{"start":{"line":6,"column":10},"end":{"line":6,"column":18}},{"start":{"line":6,"column":22},"end":{"line":6,"column":38}}]},"2":{"loc":{"start":{"line":7,"column":12},"end":{"line":7,"column":29}},"type":"binary-expr","locations":[{"start":{"line":7,"column":12},"end":{"line":7,"column":22}},{"start":{"line":7,"column":26},"end":{"line":7,"column":29}}]},"3":{"loc":{"start":{"line":8,"column":10},"end":{"line":8,"column":24}},"type":"binary-expr","locations":[{"start":{"line":8,"column":10},"end":{"line":8,"column":18}},{"start":{"line":8,"column":22},"end":{"line":8,"column":24}}]},"4":{"loc":{"start":{"line":14,"column":24},"end":{"line":14,"column":97}},"type":"cond-expr","locations":[{"start":{"line":14,"column":40},"end":{"line":14,"column":60}},{"start":{"line":14,"column":63},"end":{"line":14,"column":97}}]}},"s":{"0":2,"1":2,"2":0,"3":2,"4":0,"5":0,"6":0,"7":0,"8":2},"f":{"0":0,"1":0},"b":{"0":[0,0],"1":[0,0],"2":[0,0],"3":[0,0],"4":[0,0]}}
,"/home/dev/workshop/projects/personal/astroid-invaders/game/src/utils/errors.ts": {"path":"/home/dev/workshop/projects/personal/astroid-invaders/game/src/utils/errors.ts","statementMap":{"0":{"start":{"line":10,"column":4},"end":{"line":10,"column":12}},"1":{"start":{"line":5,"column":11},"end":{"line":5,"column":29}},"2":{"start":{"line":6,"column":11},"end":{"line":6,"column":35}},"3":{"start":{"line":7,"column":11},"end":{"line":7,"column":28}},"4":{"start":{"line":8,"column":11},"end":{"line":8,"column":29}},"5":{"start":{"line":3,"column":0},"end":{"line":3,"column":13}},"6":{"start":{"line":16,"column":4},"end":{"line":16,"column":76}},"7":{"start":{"line":14,"column":0},"end":{"line":14,"column":13}},"8":{"start":{"line":22,"column":4},"end":{"line":22,"column":63}},"9":{"start":{"line":20,"column":0},"end":{"line":20,"column":13}},"10":{"start":{"line":28,"column":4},"end":{"line":28,"column":77}},"11":{"start":{"line":26,"column":0},"end":{"line":26,"column":13}},"12":{"start":{"line":34,"column":4},"end":{"line":34,"column":41}},"13":{"start":{"line":32,"column":0},"end":{"line":32,"column":13}}},"fnMap":{"0":{"name":"(anonymous_0)","decl":{"start":{"line":4,"column":2},"end":{"line":4,"column":null}},"loc":{"start":{"line":8,"column":31},"end":{"line":11,"column":3}}},"1":{"name":"(anonymous_1)","decl":{"start":{"line":15,"column":2},"end":{"line":15,"column":14}},"loc":{"start":{"line":15,"column":33},"end":{"line":17,"column":3}}},"2":{"name":"(anonymous_2)","decl":{"start":{"line":21,"column":2},"end":{"line":21,"column":14}},"loc":{"start":{"line":21,"column":32},"end":{"line":23,"column":3}}},"3":{"name":"(anonymous_3)","decl":{"start":{"line":27,"column":2},"end":{"line":27,"column":14}},"loc":{"start":{"line":27,"column":34},"end":{"line":29,"column":3}}},"4":{"name":"(anonymous_4)","decl":{"start":{"line":33,"column":2},"end":{"line":33,"column":14}},"loc":{"start":{"line":33,"column":58},"end":{"line":35,"column":3}}}},"branchMap":{"0":{"loc":{"start":{"line":5,"column":11},"end":{"line":5,"column":80}},"type":"default-arg","locations":[{"start":{"line":5,"column":29},"end":{"line":5,"column":80}}]},"1":{"loc":{"start":{"line":6,"column":11},"end":{"line":6,"column":51}},"type":"default-arg","locations":[{"start":{"line":6,"column":35},"end":{"line":6,"column":51}}]},"2":{"loc":{"start":{"line":7,"column":11},"end":{"line":7,"column":31}},"type":"default-arg","locations":[{"start":{"line":7,"column":28},"end":{"line":7,"column":31}}]},"3":{"loc":{"start":{"line":8,"column":11},"end":{"line":8,"column":31}},"type":"default-arg","locations":[{"start":{"line":8,"column":29},"end":{"line":8,"column":31}}]},"4":{"loc":{"start":{"line":33,"column":14},"end":{"line":33,"column":58}},"type":"default-arg","locations":[{"start":{"line":33,"column":24},"end":{"line":33,"column":58}}]}},"s":{"0":0,"1":0,"2":0,"3":0,"4":0,"5":2,"6":0,"7":2,"8":0,"9":2,"10":0,"11":2,"12":0,"13":2},"f":{"0":0,"1":0,"2":0,"3":0,"4":0},"b":{"0":[0],"1":[0],"2":[0],"3":[0],"4":[0]}}
,"/home/dev/workshop/projects/personal/astroid-invaders/game/src/websocket/index.ts": {"path":"/home/dev/workshop/projects/personal/astroid-invaders/game/src/websocket/index.ts","statementMap":{"0":{"start":{"line":3,"column":38},"end":{"line":15,"column":1}},"1":{"start":{"line":4,"column":4},"end":{"line":14,"column":7}},"2":{"start":{"line":5,"column":8},"end":{"line":5,"column":52}},"3":{"start":{"line":7,"column":8},"end":{"line":9,"column":11}},"4":{"start":{"line":8,"column":12},"end":{"line":8,"column":46}},"5":{"start":{"line":11,"column":8},"end":{"line":13,"column":11}},"6":{"start":{"line":12,"column":12},"end":{"line":12,"column":52}},"7":{"start":{"line":3,"column":13},"end":{"line":3,"column":38}}},"fnMap":{"0":{"name":"(anonymous_0)","decl":{"start":{"line":3,"column":38},"end":{"line":3,"column":39}},"loc":{"start":{"line":3,"column":53},"end":{"line":15,"column":1}}},"1":{"name":"(anonymous_1)","decl":{"start":{"line":4,"column":24},"end":{"line":4,"column":25}},"loc":{"start":{"line":4,"column":35},"end":{"line":14,"column":5}}},"2":{"name":"(anonymous_2)","decl":{"start":{"line":7,"column":32},"end":{"line":7,"column":35}},"loc":{"start":{"line":7,"column":37},"end":{"line":9,"column":9}}},"3":{"name":"(anonymous_3)","decl":{"start":{"line":11,"column":29},"end":{"line":11,"column":30}},"loc":{"start":{"line":11,"column":38},"end":{"line":13,"column":9}}}},"branchMap":{},"s":{"0":2,"1":3,"2":0,"3":0,"4":0,"5":0,"6":0,"7":2},"f":{"0":3,"1":0,"2":0,"3":0},"b":{}}
}
