TN:
SF:client/src/routes.ts
FNF:0
FNH:0
DA:2,2
DA:3,2
DA:4,2
DA:5,2
DA:6,2
DA:7,2
DA:16,2
DA:18,2
LF:8
LH:8
BRF:0
BRH:0
end_of_record
TN:
SF:client/src/pages/game.tsx
FN:3,(anonymous_0)
FNF:1
FNH:0
FNDA:0,(anonymous_0)
DA:3,2
DA:4,0
DA:11,2
LF:3
LH:2
BRF:0
BRH:0
end_of_record
TN:
SF:client/src/pages/home.tsx
FN:3,(anonymous_0)
FNF:1
FNH:0
FNDA:0,(anonymous_0)
DA:3,2
DA:4,0
DA:11,2
LF:3
LH:2
BRF:0
BRH:0
end_of_record
TN:
SF:client/src/pages/leaderboard.tsx
FN:3,(anonymous_0)
FNF:1
FNH:0
FNDA:0,(anonymous_0)
DA:3,2
DA:4,0
DA:11,2
LF:3
LH:2
BRF:0
BRH:0
end_of_record
TN:
SF:client/src/pages/lobby.tsx
FN:3,(anonymous_0)
FNF:1
FNH:0
FNDA:0,(anonymous_0)
DA:3,2
DA:4,0
DA:11,2
LF:3
LH:2
BRF:0
BRH:0
end_of_record
TN:
SF:client/src/pages/notFound.tsx
FN:3,(anonymous_0)
FNF:1
FNH:0
FNDA:0,(anonymous_0)
DA:3,2
DA:4,0
DA:11,2
LF:3
LH:2
BRF:0
BRH:0
end_of_record
TN:
SF:client/src/pages/pilotSelection.tsx
FN:3,(anonymous_0)
FNF:1
FNH:0
FNDA:0,(anonymous_0)
DA:3,2
DA:4,0
DA:11,2
LF:3
LH:2
BRF:0
BRH:0
end_of_record
TN:
SF:src/index.ts
FN:20,(anonymous_8)
FN:33,(anonymous_9)
FN:38,(anonymous_10)
FN:38,(anonymous_11)
FNF:4
FNH:3
FNDA:3,(anonymous_8)
FNDA:0,(anonymous_9)
FNDA:4,(anonymous_10)
FNDA:4,(anonymous_11)
DA:1,2
DA:2,2
DA:3,2
DA:4,2
DA:5,2
DA:6,2
DA:7,2
DA:8,2
DA:10,2
DA:11,2
DA:12,2
DA:13,2
DA:20,2
DA:21,3
DA:22,3
DA:23,3
DA:24,3
DA:25,3
DA:26,3
DA:27,3
DA:28,3
DA:29,3
DA:30,3
DA:31,3
DA:32,3
DA:33,0
DA:35,3
DA:38,4
DA:39,4
DA:40,4
DA:41,4
DA:42,3
DA:43,3
DA:44,3
DA:46,0
DA:50,2
LF:36
LH:34
BRDA:32,0,0,0
BRDA:42,1,0,3
BRF:2
BRH:1
end_of_record
TN:
SF:src/database/index.ts
FN:13,(anonymous_7)
FN:13,(anonymous_8)
FNF:2
FNH:2
FNDA:4,(anonymous_7)
FNDA:4,(anonymous_8)
DA:1,2
DA:3,2
DA:13,4
DA:14,4
DA:15,4
DA:16,4
DA:17,3
DA:19,0
LF:8
LH:7
BRF:0
BRH:0
end_of_record
TN:
SF:src/middleware/client.ts
FN:7,(anonymous_1)
FN:20,(anonymous_2)
FNF:2
FNH:0
FNDA:0,(anonymous_1)
FNDA:0,(anonymous_2)
DA:1,2
DA:2,2
DA:4,2
DA:5,2
DA:7,2
DA:12,0
DA:13,0
DA:15,0
DA:16,0
DA:17,0
DA:18,0
DA:19,0
DA:20,0
DA:22,0
DA:23,0
DA:24,0
DA:27,0
DA:28,0
DA:30,0
DA:31,0
DA:32,0
DA:33,0
DA:35,0
DA:36,0
DA:38,0
LF:25
LH:5
BRDA:12,0,0,0
BRDA:12,0,1,0
BRDA:22,1,0,0
BRDA:35,2,0,0
BRDA:35,3,0,0
BRDA:35,3,1,0
BRF:6
BRH:0
end_of_record
TN:
SF:src/middleware/errorHandler.ts
FN:4,(anonymous_0)
FN:11,(anonymous_1)
FNF:2
FNH:0
FNDA:0,(anonymous_0)
FNDA:0,(anonymous_1)
DA:2,2
DA:4,2
DA:11,2
DA:12,0
DA:13,0
DA:14,0
DA:15,0
LF:7
LH:3
BRDA:5,0,0,0
BRDA:5,0,1,0
BRDA:6,1,0,0
BRDA:6,1,1,0
BRDA:7,2,0,0
BRDA:7,2,1,0
BRDA:8,3,0,0
BRDA:8,3,1,0
BRDA:14,4,0,0
BRDA:14,4,1,0
BRF:10
BRH:0
end_of_record
TN:
SF:src/utils/errors.ts
FN:4,(anonymous_0)
FN:15,(anonymous_1)
FN:21,(anonymous_2)
FN:27,(anonymous_3)
FN:33,(anonymous_4)
FNF:5
FNH:0
FNDA:0,(anonymous_0)
FNDA:0,(anonymous_1)
FNDA:0,(anonymous_2)
FNDA:0,(anonymous_3)
FNDA:0,(anonymous_4)
DA:3,2
DA:5,0
DA:6,0
DA:7,0
DA:8,0
DA:10,0
DA:14,2
DA:16,0
DA:20,2
DA:22,0
DA:26,2
DA:28,0
DA:32,2
DA:34,0
LF:14
LH:5
BRDA:5,0,0,0
BRDA:6,1,0,0
BRDA:7,2,0,0
BRDA:8,3,0,0
BRDA:33,4,0,0
BRF:5
BRH:0
end_of_record
TN:
SF:src/websocket/index.ts
FN:3,(anonymous_0)
FN:4,(anonymous_1)
FN:7,(anonymous_2)
FN:11,(anonymous_3)
FNF:4
FNH:1
FNDA:3,(anonymous_0)
FNDA:0,(anonymous_1)
FNDA:0,(anonymous_2)
FNDA:0,(anonymous_3)
DA:3,2
DA:4,3
DA:5,0
DA:7,0
DA:8,0
DA:11,0
DA:12,0
LF:7
LH:2
BRF:0
BRH:0
end_of_record
